<?xml version="1.0" encoding="UTF-8"?>
<coverage generated="1668969428419" clover="3.2.0">
  <project timestamp="1668969428419" name="All files">
    <metrics statements="84" coveredstatements="81" conditionals="73" coveredconditionals="61" methods="9" coveredmethods="9" elements="166" coveredelements="151" complexity="0" loc="84" ncloc="84" packages="1" files="1" classes="1"/>
    <file name="index.js" path="/Users/yuna/projects/java-version/index.js">
      <metrics statements="84" coveredstatements="81" conditionals="73" coveredconditionals="61" methods="9" coveredmethods="9"/>
      <line num="2" count="1" type="stmt"/>
      <line num="3" count="1" type="stmt"/>
      <line num="4" count="1" type="stmt"/>
      <line num="6" count="1" type="stmt"/>
      <line num="7" count="1" type="stmt"/>
      <line num="8" count="1" type="stmt"/>
      <line num="9" count="1" type="cond" truecount="2" falsecount="2"/>
      <line num="10" count="1" type="stmt"/>
      <line num="12" count="1" type="cond" truecount="1" falsecount="1"/>
      <line num="13" count="1" type="stmt"/>
      <line num="14" count="1" type="cond" truecount="1" falsecount="1"/>
      <line num="16" count="1" type="stmt"/>
      <line num="18" count="1" type="stmt"/>
      <line num="19" count="13" type="stmt"/>
      <line num="22" count="0" type="stmt"/>
      <line num="26" count="16" type="stmt"/>
      <line num="27" count="16" type="stmt"/>
      <line num="29" count="16" type="stmt"/>
      <line num="30" count="16" type="stmt"/>
      <line num="31" count="16" type="stmt"/>
      <line num="32" count="16" type="stmt"/>
      <line num="33" count="16" type="stmt"/>
      <line num="34" count="16" type="stmt"/>
      <line num="35" count="16" type="stmt"/>
      <line num="36" count="16" type="stmt"/>
      <line num="37" count="24" type="stmt"/>
      <line num="38" count="24" type="stmt"/>
      <line num="39" count="24" type="stmt"/>
      <line num="41" count="24" type="stmt"/>
      <line num="42" count="24" type="cond" truecount="5" falsecount="0"/>
      <line num="43" count="16" type="stmt"/>
      <line num="46" count="24" type="cond" truecount="5" falsecount="0"/>
      <line num="47" count="4" type="stmt"/>
      <line num="50" count="24" type="cond" truecount="2" falsecount="0"/>
      <line num="51" count="4" type="stmt"/>
      <line num="54" count="0" type="stmt"/>
      <line num="58" count="16" type="cond" truecount="2" falsecount="0"/>
      <line num="59" count="16" type="cond" truecount="3" falsecount="1"/>
      <line num="60" count="16" type="stmt"/>
      <line num="61" count="16" type="stmt"/>
      <line num="62" count="16" type="stmt"/>
      <line num="63" count="16" type="stmt"/>
      <line num="64" count="16" type="stmt"/>
      <line num="65" count="16" type="stmt"/>
      <line num="66" count="16" type="stmt"/>
      <line num="67" count="16" type="stmt"/>
      <line num="68" count="16" type="stmt"/>
      <line num="72" count="4" type="cond" truecount="1" falsecount="1"/>
      <line num="73" count="4" type="stmt"/>
      <line num="74" count="4" type="stmt"/>
      <line num="75" count="4" type="cond" truecount="1" falsecount="1"/>
      <line num="76" count="4" type="cond" truecount="1" falsecount="1"/>
      <line num="81" count="24" type="cond" truecount="1" falsecount="1"/>
      <line num="82" count="24" type="cond" truecount="2" falsecount="0"/>
      <line num="83" count="24" type="cond" truecount="2" falsecount="0"/>
      <line num="84" count="24" type="stmt"/>
      <line num="86" count="0" type="stmt"/>
      <line num="90" count="24" type="stmt"/>
      <line num="91" count="24" type="cond" truecount="2" falsecount="0"/>
      <line num="92" count="24" type="cond" truecount="3" falsecount="1"/>
      <line num="96" count="28" type="stmt"/>
      <line num="97" count="28" type="stmt"/>
      <line num="98" count="724" type="stmt"/>
      <line num="99" count="724" type="cond" truecount="2" falsecount="0"/>
      <line num="100" count="100" type="stmt"/>
      <line num="101" count="100" type="stmt"/>
      <line num="102" count="100" type="cond" truecount="2" falsecount="0"/>
      <line num="103" count="624" type="cond" truecount="5" falsecount="0"/>
      <line num="104" count="12" type="stmt"/>
      <line num="112" count="28" type="stmt"/>
      <line num="116" count="280" type="cond" truecount="1" falsecount="1"/>
      <line num="117" count="280" type="cond" truecount="2" falsecount="0"/>
      <line num="118" count="280" type="cond" truecount="2" falsecount="0"/>
      <line num="119" count="280" type="cond" truecount="4" falsecount="0"/>
      <line num="120" count="85" type="stmt"/>
      <line num="122" count="195" type="stmt"/>
      <line num="123" count="195" type="stmt"/>
      <line num="124" count="539" type="cond" truecount="2" falsecount="0"/>
      <line num="125" count="264" type="stmt"/>
      <line num="126" count="275" type="cond" truecount="4" falsecount="0"/>
      <line num="127" count="24" type="stmt"/>
      <line num="130" count="195" type="stmt"/>
      <line num="136" count="1" type="cond" truecount="3" falsecount="1"/>
      <line num="139" count="1" type="stmt"/>
    </file>
  </project>
</coverage>
