{"/Users/yuna/projects/java-version/index.js": {"path":"/Users/yuna/projects/java-version/index.js","statementMap":{"0":{"start":{"line":2,"column":13},"end":{"line":2,"column":37}},"1":{"start":{"line":3,"column":11},"end":{"line":3,"column":24}},"2":{"start":{"line":4,"column":13},"end":{"line":4,"column":28}},"3":{"start":{"line":6,"column":0},"end":{"line":23,"column":1}},"4":{"start":{"line":7,"column":18},"end":{"line":7,"column":43}},"5":{"start":{"line":8,"column":15},"end":{"line":8,"column":46}},"6":{"start":{"line":9,"column":4},"end":{"line":11,"column":5}},"7":{"start":{"line":10,"column":8},"end":{"line":10,"column":39}},"8":{"start":{"line":12,"column":4},"end":{"line":12,"column":53}},"9":{"start":{"line":13,"column":4},"end":{"line":13,"column":41}},"10":{"start":{"line":14,"column":17},"end":{"line":14,"column":54}},"11":{"start":{"line":16,"column":4},"end":{"line":16,"column":48}},"12":{"start":{"line":18,"column":4},"end":{"line":20,"column":5}},"13":{"start":{"line":19,"column":8},"end":{"line":19,"column":35}},"14":{"start":{"line":22,"column":4},"end":{"line":22,"column":34}},"15":{"start":{"line":26,"column":17},"end":{"line":26,"column":19}},"16":{"start":{"line":27,"column":22},"end":{"line":27,"column":65}},"17":{"start":{"line":29,"column":20},"end":{"line":29,"column":27}},"18":{"start":{"line":30,"column":18},"end":{"line":30,"column":20}},"19":{"start":{"line":31,"column":4},"end":{"line":31,"column":34}},"20":{"start":{"line":32,"column":4},"end":{"line":32,"column":34}},"21":{"start":{"line":33,"column":4},"end":{"line":33,"column":37}},"22":{"start":{"line":34,"column":4},"end":{"line":34,"column":49}},"23":{"start":{"line":35,"column":4},"end":{"line":35,"column":31}},"24":{"start":{"line":36,"column":4},"end":{"line":57,"column":5}},"25":{"start":{"line":37,"column":12},"end":{"line":55,"column":13}},"26":{"start":{"line":38,"column":26},"end":{"line":38,"column":44}},"27":{"start":{"line":39,"column":37},"end":{"line":39,"column":101}},"28":{"start":{"line":41,"column":34},"end":{"line":41,"column":61}},"29":{"start":{"line":42,"column":16},"end":{"line":44,"column":17}},"30":{"start":{"line":43,"column":20},"end":{"line":43,"column":57}},"31":{"start":{"line":46,"column":16},"end":{"line":48,"column":17}},"32":{"start":{"line":47,"column":20},"end":{"line":47,"column":49}},"33":{"start":{"line":50,"column":16},"end":{"line":52,"column":17}},"34":{"start":{"line":51,"column":20},"end":{"line":51,"column":116}},"35":{"start":{"line":54,"column":16},"end":{"line":54,"column":35}},"36":{"start":{"line":58,"column":4},"end":{"line":58,"column":87}},"37":{"start":{"line":59,"column":4},"end":{"line":59,"column":114}},"38":{"start":{"line":60,"column":4},"end":{"line":60,"column":54}},"39":{"start":{"line":61,"column":4},"end":{"line":61,"column":64}},"40":{"start":{"line":62,"column":4},"end":{"line":62,"column":61}},"41":{"start":{"line":63,"column":4},"end":{"line":63,"column":56}},"42":{"start":{"line":64,"column":4},"end":{"line":64,"column":57}},"43":{"start":{"line":65,"column":4},"end":{"line":65,"column":57}},"44":{"start":{"line":66,"column":4},"end":{"line":66,"column":58}},"45":{"start":{"line":67,"column":4},"end":{"line":67,"column":91}},"46":{"start":{"line":68,"column":4},"end":{"line":68,"column":18}},"47":{"start":{"line":72,"column":4},"end":{"line":77,"column":5}},"48":{"start":{"line":73,"column":25},"end":{"line":73,"column":61}},"49":{"start":{"line":74,"column":30},"end":{"line":74,"column":59}},"50":{"start":{"line":75,"column":29},"end":{"line":75,"column":102}},"51":{"start":{"line":76,"column":8},"end":{"line":76,"column":61}},"52":{"start":{"line":81,"column":4},"end":{"line":85,"column":5}},"53":{"start":{"line":82,"column":8},"end":{"line":82,"column":91}},"54":{"start":{"line":83,"column":8},"end":{"line":83,"column":91}},"55":{"start":{"line":84,"column":8},"end":{"line":84,"column":39}},"56":{"start":{"line":86,"column":4},"end":{"line":86,"column":16}},"57":{"start":{"line":90,"column":21},"end":{"line":90,"column":47}},"58":{"start":{"line":91,"column":16},"end":{"line":91,"column":86}},"59":{"start":{"line":92,"column":4},"end":{"line":92,"column":68}},"60":{"start":{"line":96,"column":17},"end":{"line":96,"column":19}},"61":{"start":{"line":97,"column":4},"end":{"line":111,"column":6}},"62":{"start":{"line":98,"column":17},"end":{"line":98,"column":34}},"63":{"start":{"line":99,"column":8},"end":{"line":110,"column":9}},"64":{"start":{"line":100,"column":22},"end":{"line":100,"column":50}},"65":{"start":{"line":101,"column":29},"end":{"line":101,"column":49}},"66":{"start":{"line":102,"column":12},"end":{"line":102,"column":136}},"67":{"start":{"line":103,"column":15},"end":{"line":110,"column":9}},"68":{"start":{"line":104,"column":12},"end":{"line":109,"column":41}},"69":{"start":{"line":112,"column":4},"end":{"line":112,"column":18}},"70":{"start":{"line":116,"column":4},"end":{"line":116,"column":21}},"71":{"start":{"line":117,"column":4},"end":{"line":117,"column":36}},"72":{"start":{"line":118,"column":4},"end":{"line":118,"column":33}},"73":{"start":{"line":119,"column":4},"end":{"line":121,"column":5}},"74":{"start":{"line":120,"column":8},"end":{"line":120,"column":26}},"75":{"start":{"line":122,"column":18},"end":{"line":122,"column":60}},"76":{"start":{"line":123,"column":4},"end":{"line":129,"column":5}},"77":{"start":{"line":124,"column":8},"end":{"line":128,"column":9}},"78":{"start":{"line":125,"column":12},"end":{"line":125,"column":91}},"79":{"start":{"line":126,"column":15},"end":{"line":128,"column":9}},"80":{"start":{"line":127,"column":12},"end":{"line":127,"column":55}},"81":{"start":{"line":130,"column":4},"end":{"line":130,"column":22}},"82":{"start":{"line":136,"column":4},"end":{"line":136,"column":97}},"83":{"start":{"line":139,"column":0},"end":{"line":139,"column":28}}},"fnMap":{"0":{"name":"readGradle","decl":{"start":{"line":25,"column":9},"end":{"line":25,"column":19}},"loc":{"start":{"line":25,"column":35},"end":{"line":69,"column":1}},"line":25},"1":{"name":"(anonymous_1)","decl":{"start":{"line":36,"column":24},"end":{"line":36,"column":25}},"loc":{"start":{"line":36,"column":32},"end":{"line":56,"column":9}},"line":36},"2":{"name":"readBuilderVersionGradle","decl":{"start":{"line":71,"column":9},"end":{"line":71,"column":33}},"loc":{"start":{"line":71,"column":60},"end":{"line":78,"column":1}},"line":71},"3":{"name":"javaVersionOf","decl":{"start":{"line":80,"column":9},"end":{"line":80,"column":22}},"loc":{"start":{"line":80,"column":31},"end":{"line":87,"column":1}},"line":80},"4":{"name":"readJavaVersionGradle","decl":{"start":{"line":89,"column":9},"end":{"line":89,"column":30}},"loc":{"start":{"line":89,"column":37},"end":{"line":93,"column":1}},"line":89},"5":{"name":"readPropertiesGradle","decl":{"start":{"line":95,"column":9},"end":{"line":95,"column":29}},"loc":{"start":{"line":95,"column":36},"end":{"line":113,"column":1}},"line":95},"6":{"name":"(anonymous_6)","decl":{"start":{"line":97,"column":70},"end":{"line":97,"column":71}},"loc":{"start":{"line":97,"column":78},"end":{"line":111,"column":5}},"line":97},"7":{"name":"listFiles","decl":{"start":{"line":115,"column":9},"end":{"line":115,"column":18}},"loc":{"start":{"line":115,"column":64},"end":{"line":131,"column":1}},"line":115},"8":{"name":"getWorkingDirectory","decl":{"start":{"line":134,"column":9},"end":{"line":134,"column":28}},"loc":{"start":{"line":134,"column":31},"end":{"line":137,"column":1}},"line":134}},"branchMap":{"0":{"loc":{"start":{"line":9,"column":4},"end":{"line":11,"column":5}},"type":"if","locations":[{"start":{"line":9,"column":4},"end":{"line":11,"column":5}},{"start":{},"end":{}}],"line":9},"1":{"loc":{"start":{"line":9,"column":8},"end":{"line":9,"column":35}},"type":"binary-expr","locations":[{"start":{"line":9,"column":8},"end":{"line":9,"column":16}},{"start":{"line":9,"column":20},"end":{"line":9,"column":35}}],"line":9},"2":{"loc":{"start":{"line":12,"column":28},"end":{"line":12,"column":44}},"type":"cond-expr","locations":[{"start":{"line":12,"column":36},"end":{"line":12,"column":37}},{"start":{"line":12,"column":40},"end":{"line":12,"column":44}}],"line":12},"3":{"loc":{"start":{"line":14,"column":37},"end":{"line":14,"column":53}},"type":"cond-expr","locations":[{"start":{"line":14,"column":45},"end":{"line":14,"column":46}},{"start":{"line":14,"column":49},"end":{"line":14,"column":53}}],"line":14},"4":{"loc":{"start":{"line":42,"column":16},"end":{"line":44,"column":17}},"type":"if","locations":[{"start":{"line":42,"column":16},"end":{"line":44,"column":17}},{"start":{},"end":{}}],"line":42},"5":{"loc":{"start":{"line":42,"column":20},"end":{"line":42,"column":100}},"type":"binary-expr","locations":[{"start":{"line":42,"column":20},"end":{"line":42,"column":31}},{"start":{"line":42,"column":36},"end":{"line":42,"column":59}},{"start":{"line":42,"column":63},"end":{"line":42,"column":99}}],"line":42},"6":{"loc":{"start":{"line":46,"column":16},"end":{"line":48,"column":17}},"type":"if","locations":[{"start":{"line":46,"column":16},"end":{"line":48,"column":17}},{"start":{},"end":{}}],"line":46},"7":{"loc":{"start":{"line":46,"column":20},"end":{"line":46,"column":140}},"type":"binary-expr","locations":[{"start":{"line":46,"column":20},"end":{"line":46,"column":63}},{"start":{"line":46,"column":67},"end":{"line":46,"column":107}},{"start":{"line":46,"column":111},"end":{"line":46,"column":140}}],"line":46},"8":{"loc":{"start":{"line":50,"column":16},"end":{"line":52,"column":17}},"type":"if","locations":[{"start":{"line":50,"column":16},"end":{"line":52,"column":17}},{"start":{},"end":{}}],"line":50},"9":{"loc":{"start":{"line":58,"column":29},"end":{"line":58,"column":86}},"type":"cond-expr","locations":[{"start":{"line":58,"column":54},"end":{"line":58,"column":76}},{"start":{"line":58,"column":79},"end":{"line":58,"column":86}}],"line":58},"10":{"loc":{"start":{"line":59,"column":20},"end":{"line":59,"column":114}},"type":"cond-expr","locations":[{"start":{"line":59,"column":45},"end":{"line":59,"column":102}},{"start":{"line":59,"column":106},"end":{"line":59,"column":114}}],"line":59},"11":{"loc":{"start":{"line":59,"column":45},"end":{"line":59,"column":102}},"type":"cond-expr","locations":[{"start":{"line":59,"column":76},"end":{"line":59,"column":88}},{"start":{"line":59,"column":91},"end":{"line":59,"column":102}}],"line":59},"12":{"loc":{"start":{"line":72,"column":4},"end":{"line":77,"column":5}},"type":"if","locations":[{"start":{"line":72,"column":4},"end":{"line":77,"column":5}},{"start":{},"end":{}}],"line":72},"13":{"loc":{"start":{"line":75,"column":29},"end":{"line":75,"column":102}},"type":"cond-expr","locations":[{"start":{"line":75,"column":47},"end":{"line":75,"column":95}},{"start":{"line":75,"column":98},"end":{"line":75,"column":102}}],"line":75},"14":{"loc":{"start":{"line":76,"column":15},"end":{"line":76,"column":60}},"type":"cond-expr","locations":[{"start":{"line":76,"column":32},"end":{"line":76,"column":49}},{"start":{"line":76,"column":52},"end":{"line":76,"column":60}}],"line":76},"15":{"loc":{"start":{"line":81,"column":4},"end":{"line":85,"column":5}},"type":"if","locations":[{"start":{"line":81,"column":4},"end":{"line":85,"column":5}},{"start":{},"end":{}}],"line":81},"16":{"loc":{"start":{"line":82,"column":17},"end":{"line":82,"column":90}},"type":"cond-expr","locations":[{"start":{"line":82,"column":40},"end":{"line":82,"column":81}},{"start":{"line":82,"column":84},"end":{"line":82,"column":90}}],"line":82},"17":{"loc":{"start":{"line":83,"column":17},"end":{"line":83,"column":90}},"type":"cond-expr","locations":[{"start":{"line":83,"column":40},"end":{"line":83,"column":81}},{"start":{"line":83,"column":84},"end":{"line":83,"column":90}}],"line":83},"18":{"loc":{"start":{"line":91,"column":16},"end":{"line":91,"column":86}},"type":"binary-expr","locations":[{"start":{"line":91,"column":16},"end":{"line":91,"column":49}},{"start":{"line":91,"column":53},"end":{"line":91,"column":86}}],"line":91},"19":{"loc":{"start":{"line":92,"column":11},"end":{"line":92,"column":67}},"type":"cond-expr","locations":[{"start":{"line":92,"column":19},"end":{"line":92,"column":60}},{"start":{"line":92,"column":63},"end":{"line":92,"column":67}}],"line":92},"20":{"loc":{"start":{"line":92,"column":33},"end":{"line":92,"column":59}},"type":"binary-expr","locations":[{"start":{"line":92,"column":33},"end":{"line":92,"column":50}},{"start":{"line":92,"column":54},"end":{"line":92,"column":59}}],"line":92},"21":{"loc":{"start":{"line":99,"column":8},"end":{"line":110,"column":9}},"type":"if","locations":[{"start":{"line":99,"column":8},"end":{"line":110,"column":9}},{"start":{"line":103,"column":15},"end":{"line":110,"column":9}}],"line":99},"22":{"loc":{"start":{"line":102,"column":19},"end":{"line":102,"column":78}},"type":"cond-expr","locations":[{"start":{"line":102,"column":36},"end":{"line":102,"column":72}},{"start":{"line":102,"column":75},"end":{"line":102,"column":78}}],"line":102},"23":{"loc":{"start":{"line":103,"column":15},"end":{"line":110,"column":9}},"type":"if","locations":[{"start":{"line":103,"column":15},"end":{"line":110,"column":9}},{"start":{},"end":{}}],"line":103},"24":{"loc":{"start":{"line":103,"column":19},"end":{"line":103,"column":123}},"type":"binary-expr","locations":[{"start":{"line":103,"column":19},"end":{"line":103,"column":49}},{"start":{"line":103,"column":53},"end":{"line":103,"column":83}},{"start":{"line":103,"column":87},"end":{"line":103,"column":123}}],"line":103},"25":{"loc":{"start":{"line":116,"column":11},"end":{"line":116,"column":21}},"type":"binary-expr","locations":[{"start":{"line":116,"column":11},"end":{"line":116,"column":15}},{"start":{"line":116,"column":19},"end":{"line":116,"column":21}}],"line":116},"26":{"loc":{"start":{"line":117,"column":19},"end":{"line":117,"column":36}},"type":"binary-expr","locations":[{"start":{"line":117,"column":19},"end":{"line":117,"column":31}},{"start":{"line":117,"column":35},"end":{"line":117,"column":36}}],"line":117},"27":{"loc":{"start":{"line":118,"column":17},"end":{"line":118,"column":33}},"type":"binary-expr","locations":[{"start":{"line":118,"column":17},"end":{"line":118,"column":27}},{"start":{"line":118,"column":31},"end":{"line":118,"column":33}}],"line":118},"28":{"loc":{"start":{"line":119,"column":4},"end":{"line":121,"column":5}},"type":"if","locations":[{"start":{"line":119,"column":4},"end":{"line":121,"column":5}},{"start":{},"end":{}}],"line":119},"29":{"loc":{"start":{"line":119,"column":8},"end":{"line":119,"column":40}},"type":"binary-expr","locations":[{"start":{"line":119,"column":8},"end":{"line":119,"column":17}},{"start":{"line":119,"column":21},"end":{"line":119,"column":40}}],"line":119},"30":{"loc":{"start":{"line":124,"column":8},"end":{"line":128,"column":9}},"type":"if","locations":[{"start":{"line":124,"column":8},"end":{"line":128,"column":9}},{"start":{"line":126,"column":15},"end":{"line":128,"column":9}}],"line":124},"31":{"loc":{"start":{"line":126,"column":15},"end":{"line":128,"column":9}},"type":"if","locations":[{"start":{"line":126,"column":15},"end":{"line":128,"column":9}},{"start":{},"end":{}}],"line":126},"32":{"loc":{"start":{"line":126,"column":19},"end":{"line":126,"column":64}},"type":"binary-expr","locations":[{"start":{"line":126,"column":19},"end":{"line":126,"column":26}},{"start":{"line":126,"column":30},"end":{"line":126,"column":64}}],"line":126},"33":{"loc":{"start":{"line":136,"column":11},"end":{"line":136,"column":96}},"type":"cond-expr","locations":[{"start":{"line":136,"column":78},"end":{"line":136,"column":80}},{"start":{"line":136,"column":83},"end":{"line":136,"column":96}}],"line":136},"34":{"loc":{"start":{"line":136,"column":11},"end":{"line":136,"column":75}},"type":"binary-expr","locations":[{"start":{"line":136,"column":11},"end":{"line":136,"column":58}},{"start":{"line":136,"column":62},"end":{"line":136,"column":75}}],"line":136}},"s":{"0":1,"1":1,"2":1,"3":1,"4":1,"5":1,"6":1,"7":1,"8":1,"9":1,"10":1,"11":1,"12":1,"13":13,"14":0,"15":16,"16":16,"17":16,"18":16,"19":16,"20":16,"21":16,"22":16,"23":16,"24":16,"25":24,"26":24,"27":24,"28":24,"29":24,"30":16,"31":24,"32":4,"33":24,"34":4,"35":0,"36":16,"37":16,"38":16,"39":16,"40":16,"41":16,"42":16,"43":16,"44":16,"45":16,"46":16,"47":4,"48":4,"49":4,"50":4,"51":4,"52":24,"53":24,"54":24,"55":24,"56":0,"57":24,"58":24,"59":24,"60":28,"61":28,"62":724,"63":724,"64":100,"65":100,"66":100,"67":624,"68":12,"69":28,"70":280,"71":280,"72":280,"73":280,"74":85,"75":195,"76":195,"77":539,"78":264,"79":275,"80":24,"81":195,"82":1,"83":1},"f":{"0":16,"1":24,"2":4,"3":24,"4":24,"5":28,"6":724,"7":280,"8":1},"b":{"0":[1,0],"1":[1,0],"2":[1,0],"3":[1,0],"4":[16,8],"5":[24,24,10],"6":[4,20],"7":[24,24,20],"8":[4,20],"9":[14,2],"10":[4,12],"11":[0,4],"12":[4,0],"13":[4,0],"14":[4,0],"15":[24,0],"16":[3,21],"17":[3,21],"18":[24,12],"19":[24,0],"20":[24,16],"21":[100,624],"22":[8,92],"23":[12,612],"24":[624,540,300],"25":[280,0],"26":[280,44],"27":[280,16],"28":[85,195],"29":[280,159],"30":[264,275],"31":[24,251],"32":[275,275],"33":[0,1],"34":[1,1]},"_coverageSchema":"1a1c01bbd47fc00a2c39e90264f33305004495a9","hash":"c211f717e8127e886ee4b61e716750807a8fe872"}
}
