TN:
SF:index.js
FN:25,readGradle
FN:36,(anonymous_1)
FN:71,readBuilderVersionGradle
FN:80,javaVersionOf
FN:89,readJavaVersionGradle
FN:95,readPropertiesGradle
FN:97,(anonymous_6)
FN:115,listFiles
FN:134,getWorkingDirectory
FNF:9
FNH:9
FNDA:16,readGradle
FNDA:24,(anonymous_1)
FNDA:4,readBuilderVersionGradle
FNDA:24,javaVersionOf
FNDA:24,readJavaVersionGradle
FNDA:28,readPropertiesGradle
FNDA:724,(anonymous_6)
FNDA:280,listFiles
FNDA:1,getWorkingDirectory
DA:2,1
DA:3,1
DA:4,1
DA:6,1
DA:7,1
DA:8,1
DA:9,1
DA:10,1
DA:12,1
DA:13,1
DA:14,1
DA:16,1
DA:18,1
DA:19,13
DA:22,0
DA:26,16
DA:27,16
DA:29,16
DA:30,16
DA:31,16
DA:32,16
DA:33,16
DA:34,16
DA:35,16
DA:36,16
DA:37,24
DA:38,24
DA:39,24
DA:41,24
DA:42,24
DA:43,16
DA:46,24
DA:47,4
DA:50,24
DA:51,4
DA:54,0
DA:58,16
DA:59,16
DA:60,16
DA:61,16
DA:62,16
DA:63,16
DA:64,16
DA:65,16
DA:66,16
DA:67,16
DA:68,16
DA:72,4
DA:73,4
DA:74,4
DA:75,4
DA:76,4
DA:81,24
DA:82,24
DA:83,24
DA:84,24
DA:86,0
DA:90,24
DA:91,24
DA:92,24
DA:96,28
DA:97,28
DA:98,724
DA:99,724
DA:100,100
DA:101,100
DA:102,100
DA:103,624
DA:104,12
DA:112,28
DA:116,280
DA:117,280
DA:118,280
DA:119,280
DA:120,85
DA:122,195
DA:123,195
DA:124,539
DA:125,264
DA:126,275
DA:127,24
DA:130,195
DA:136,1
DA:139,1
LF:84
LH:81
BRDA:9,0,0,1
BRDA:9,0,1,0
BRDA:9,1,0,1
BRDA:9,1,1,0
BRDA:12,2,0,1
BRDA:12,2,1,0
BRDA:14,3,0,1
BRDA:14,3,1,0
BRDA:42,4,0,16
BRDA:42,4,1,8
BRDA:42,5,0,24
BRDA:42,5,1,24
BRDA:42,5,2,10
BRDA:46,6,0,4
BRDA:46,6,1,20
BRDA:46,7,0,24
BRDA:46,7,1,24
BRDA:46,7,2,20
BRDA:50,8,0,4
BRDA:50,8,1,20
BRDA:58,9,0,14
BRDA:58,9,1,2
BRDA:59,10,0,4
BRDA:59,10,1,12
BRDA:59,11,0,0
BRDA:59,11,1,4
BRDA:72,12,0,4
BRDA:72,12,1,0
BRDA:75,13,0,4
BRDA:75,13,1,0
BRDA:76,14,0,4
BRDA:76,14,1,0
BRDA:81,15,0,24
BRDA:81,15,1,0
BRDA:82,16,0,3
BRDA:82,16,1,21
BRDA:83,17,0,3
BRDA:83,17,1,21
BRDA:91,18,0,24
BRDA:91,18,1,12
BRDA:92,19,0,24
BRDA:92,19,1,0
BRDA:92,20,0,24
BRDA:92,20,1,16
BRDA:99,21,0,100
BRDA:99,21,1,624
BRDA:102,22,0,8
BRDA:102,22,1,92
BRDA:103,23,0,12
BRDA:103,23,1,612
BRDA:103,24,0,624
BRDA:103,24,1,540
BRDA:103,24,2,300
BRDA:116,25,0,280
BRDA:116,25,1,0
BRDA:117,26,0,280
BRDA:117,26,1,44
BRDA:118,27,0,280
BRDA:118,27,1,16
BRDA:119,28,0,85
BRDA:119,28,1,195
BRDA:119,29,0,280
BRDA:119,29,1,159
BRDA:124,30,0,264
BRDA:124,30,1,275
BRDA:126,31,0,24
BRDA:126,31,1,251
BRDA:126,32,0,275
BRDA:126,32,1,275
BRDA:136,33,0,0
BRDA:136,33,1,1
BRDA:136,34,0,1
BRDA:136,34,1,1
BRF:73
BRH:61
end_of_record
